Start taking picture
ASIGetNumOfConnectedCameras()
[libUSB/140580070677760] libusb_init(context = 0x55af144ec000)
[libUSB/140580070677760] libusb_init --> retval = 0
[libUSB/140580070677760] libusb_get_device_list(ctx = 0x55af1567f8d0, list = 0x7ffcfa74f650)
[libUSB/140580070677760] libusb_get_device_list --> retval = 7 ; *list = 0x55af15692620
[libUSB/140580070677760] libusb_get_device_descriptor(dev = 0x55af15695e30, desc = 0x7ffcfa74f5a0)
[libUSB/140580070677760] libusb_get_device_descriptor --> retval = 0
[libUSB/140580070677760] libusb_get_device_descriptor(dev = 0x55af15694950, desc = 0x7ffcfa74f5a0)
[libUSB/140580070677760] libusb_get_device_descriptor --> retval = 0
[libUSB/140580070677760] libusb_get_device_descriptor(dev = 0x55af15694ec0, desc = 0x7ffcfa74f5a0)
[libUSB/140580070677760] libusb_get_device_descriptor --> retval = 0
[libUSB/140580070677760] libusb_get_bus_number(dev = 0x55af15694ec0)
[libUSB/140580070677760] libusb_get_bus_number --> retval = 2
[libUSB/140580070677760] libUSB_get_port_numbers(dev = 0x55af15694ec0, port_numbers = 0x7ffcfa74f640, port_numbers_len = 8)
[libUSB/140580070677760] libusb_get_port_numbers --> retval = 1
[libUSB/140580070677760] libusb_get_device_descriptor(dev = 0x55af156938f0, desc = 0x7ffcfa74f5a0)
[libUSB/140580070677760] libusb_get_device_descriptor --> retval = 0
[libUSB/140580070677760] libusb_get_device_descriptor(dev = 0x55af15697160, desc = 0x7ffcfa74f5a0)
[libUSB/140580070677760] libusb_get_device_descriptor --> retval = 0
[libUSB/140580070677760] libusb_get_device_descriptor(dev = 0x55af156978f0, desc = 0x7ffcfa74f5a0)
[libUSB/140580070677760] libusb_get_device_descriptor --> retval = 0
[libUSB/140580070677760] libusb_get_device_descriptor(dev = 0x55af15692ef0, desc = 0x7ffcfa74f5a0)
[libUSB/140580070677760] libusb_get_device_descriptor --> retval = 0
[libUSB/140580070677760] libusb_free_device_list(list = 0x55af15692620, unref_devices = 1)
[libUSB/140580070677760] libusb_exit(context = 0x55af1567f8d0)
ASIOpenCamera()
[libUSB/140580070677760] libusb_init(context = 0x55af144ec000)
[libUSB/140580070677760] libusb_init --> retval = 0
libUSB_set_debug
[libUSB/140580070677760] libusb_get_device_list(ctx = 0x55af15693040, list = 0x7ffcfa74f5e0)
[libUSB/140580070677760] libusb_get_device_list --> retval = 7 ; *list = 0x55af1568b270
[libUSB/140580070677760] libusb_get_device_descriptor(dev = 0x55af1568b150, desc = 0x7ffcfa74f5b0)
[libUSB/140580070677760] libusb_get_device_descriptor --> retval = 0
[libUSB/140580070677760] libusb_get_device_descriptor(dev = 0x55af1568b6f0, desc = 0x7ffcfa74f5b0)
[libUSB/140580070677760] libusb_get_device_descriptor --> retval = 0
[libUSB/140580070677760] libusb_get_device_descriptor(dev = 0x55af15693820, desc = 0x7ffcfa74f5b0)
[libUSB/140580070677760] libusb_get_device_descriptor --> retval = 0
libUSB_open
[libUSB/140580070677760] libusb_free_device_list(list = 0x55af1568b270, unref_devices = 1)
[libUSB/140580070677760] libusb_set_configuration(dev = 0x55af15696360, configuration = 1)
[libUSB/140580070677760] libusb_set_configuration --> retval = 0
[libUSB/140580070677760] libusb_claim_interface(dev = 0x55af15696360, interface_number = 0)
[libUSB/140580070677760] libusb_claim_interface --> retval = 0
[libUSB/140580070677760] libusb_control_transfer(dev = 0x55af15696360, bmRequestType = 0xc0, bRequest = 0xb4, wValue = 0x0000, wIndex =     0, data = 0x7ffcfa74f610, wLength =    1, timeout = 500)
[libUSB/140580070677760] libusb_control_transfer --> retval = 1
[libUSB/140580070677760] libusb_control_transfer(dev = 0x55af15696360, bmRequestType = 0xc0, bRequest = 0xad, wValue = 0x0000, wIndex =     0, data = 0x7ffcfa74f600, wLength =    2, timeout = 500)
[libUSB/140580070677760] libusb_control_transfer --> retval = 2
[libUSB/140580070677760] libusb_control_transfer(dev = 0x55af15696360, bmRequestType = 0xc0, bRequest = 0xbc, wValue = 0x001c, wIndex =     0, data = 0x7ffcfa74f61f, wLength =    1, timeout = 500)
[libUSB/140580070677760] libusb_control_transfer --> retval = 4294967287
ASIInitCamera()
[libUSB/140580070677760] libusb_control_transfer(dev = 0x55af15696360, bmRequestType = 0x40, bRequest = 0xbe, wValue = 0x0000, wIndex =     0, data =          (nil), wLength =    0, timeout = 500)
[libUSB/140580070677760] libusb_control_transfer --> retval = 0
[libUSB/140580070677760] libusb_control_transfer(dev = 0x55af15696360, bmRequestType = 0xc0, bRequest = 0xc3, wValue = 0x0000, wIndex =  1024, data = 0x55af1568d910, wLength = 2048, timeout = 500)
[libUSB/140580070677760] libusb_control_transfer --> retval = 2048
[libUSB/140580070677760] libusb_control_transfer(dev = 0x55af15696360, bmRequestType = 0xc0, bRequest = 0xc3, wValue = 0x0000, wIndex =  1032, data = 0x55af15682020, wLength = 2048, timeout = 500)
[libUSB/140580070677760] libusb_control_transfer --> retval = 2048
[libUSB/140580070677760] libusb_control_transfer(dev = 0x55af15696360, bmRequestType = 0xc0, bRequest = 0xc3, wValue = 0x0000, wIndex =  1040, data = 0x55af15682820, wLength = 2048, timeout = 500)
[libUSB/140580070677760] libusb_control_transfer --> retval = 2048
[libUSB/140580070677760] libusb_control_transfer(dev = 0x55af15696360, bmRequestType = 0x40, bRequest = 0xbe, wValue = 0x0001, wIndex =     0, data =          (nil), wLength =    0, timeout = 500)
[libUSB/140580070677760] libusb_control_transfer --> retval = 0
[libUSB/140580070677760] libusb_control_transfer(dev = 0x55af15696360, bmRequestType = 0x40, bRequest = 0xaa, wValue = 0x0000, wIndex =     0, data =          (nil), wLength =    0, timeout = 200)
[libUSB/140580070677760] libusb_control_transfer --> retval = 0
[libUSB/140580070677760] libusb_control_transfer(dev = 0x55af15696360, bmRequestType = 0x40, bRequest = 0xa6, wValue = 0x301a, wIndex =     1, data =          (nil), wLength =    0, timeout = 500)
[libUSB/140580070677760] libusb_control_transfer --> retval = 0
[libUSB/140580070677760] libusb_control_transfer(dev = 0x55af15696360, bmRequestType = 0x40, bRequest = 0xa6, wValue = 0x3088, wIndex = 32768, data =          (nil), wLength =    0, timeout = 500)
[libUSB/140580070677760] libusb_control_transfer --> retval = 0
[libUSB/140580070677760] libusb_control_transfer(dev = 0x55af15696360, bmRequestType = 0x40, bRequest = 0xa6, wValue = 0x3086, wIndex =   549, data =          (nil), wLength =    0, timeout = 500)
[libUSB/140580070677760] libusb_control_transfer --> retval = 0
[libUSB/140580070677760] libusb_control_transfer(dev = 0x55af15696360, bmRequestType = 0x40, bRequest = 0xa6, wValue = 0x3086, wIndex = 20560, data =          (nil), wLength =    0, timeout = 500)
[libUSB/140580070677760] libusb_control_transfer --> retval = 0
[libUSB/140580070677760] libusb_control_transfer(dev = 0x55af15696360, bmRequestType = 0x40, bRequest = 0xa6, wValue = 0x3086, wIndex = 11558, data =          (nil), wLength =    0, timeout = 500)
[libUSB/140580070677760] libusb_control_transfer --> retval = 0
[libUSB/140580070677760] libusb_control_transfer(dev = 0x55af15696360, bmRequestType = 0x40, bRequest = 0xa6, wValue = 0x3086, wIndex =  2088, data =          (nil), wLength =    0, timeout = 500)
[libUSB/140580070677760] libusb_control_transfer --> retval = 0
[libUSB/140580070677760] libusb_control_transfer(dev = 0x55af15696360, bmRequestType = 0x40, bRequest = 0xa6, wValue = 0x3086, wIndex =  3351, data =          (nil), wLength =    0, timeout = 500)
[libUSB/140580070677760] libusb_control_transfer --> retval = 0
[libUSB/140580070677760] libusb_control_transfer(dev = 0x55af15696360, bmRequestType = 0x40, bRequest = 0xa6, wValue = 0x3086, wIndex =  2342, data =          (nil), wLength =    0, timeout = 500)
[libUSB/140580070677760] libusb_control_transfer --> retval = 0
[libUSB/140580070677760] libusb_control_transfer(dev = 0x55af15696360, bmRequestType = 0x40, bRequest = 0xa6, wValue = 0x3086, wIndex =    40, data =          (nil), wLength =    0, timeout = 500)
[libUSB/140580070677760] libusb_control_transfer --> retval = 0
[libUSB/140580070677760] libusb_control_transfer(dev = 0x55af15696360, bmRequestType = 0x40, bRequest = 0xa6, wValue = 0x3086, wIndex =  1318, data =          (nil), wLength =    0, timeout = 500)
[libUSB/140580070677760] libusb_control_transfer --> retval = 0
[libUSB/140580070677760] libusb_control_transfer(dev = 0x55af15696360, bmRequestType = 0x40, bRequest = 0xa6, wValue = 0x3086, wIndex = 42792, data =          (nil), wLength =    0, timeout = 500)
[libUSB/140580070677760] libusb_control_transfer --> retval = 0
[libUSB/140580070677760] libusb_control_transfer(dev = 0x55af15696360, bmRequestType = 0x40, bRequest = 0xa6, wValue = 0x3086, wIndex =  1829, data =          (nil), wLength =    0, timeout = 500)
[libUSB/140580070677760] libusb_control_transfer --> retval = 0
[libUSB/140580070677760] libusb_control_transfer(dev = 0x55af15696360, bmRequestType = 0x40, bRequest = 0xa6, wValue = 0x3086, wIndex = 32896, data =          (nil), wLength =    0, timeout = 500)
[libUSB/140580070677760] libusb_control_transfer --> retval = 0
[libUSB/140580070677760] libusb_control_transfer(dev = 0x55af15696360, bmRequestType = 0x40, bRequest = 0xa6, wValue = 0x3086, wIndex = 10519, data =          (nil), wLength =    0, timeout = 500)
[libUSB/140580070677760] libusb_control_transfer --> retval = 0
[libUSB/140580070677760] libusb_control_transfer(dev = 0x55af15696360, bmRequestType = 0x40, bRequest = 0xa6, wValue = 0x3086, wIndex =  1317, data =          (nil), wLength =    0, timeout = 500)
[libUSB/140580070677760] libusb_control_transfer --> retval = 0
[libUSB/140580070677760] libusb_control_transfer(dev = 0x55af15696360, bmRequestType = 0x40, bRequest = 0xa6, wValue = 0x3086, wIndex =    64, data =          (nil), wLength =    0, timeout = 500)
[libUSB/140580070677760] libusb_control_transfer --> retval = 0
[libUSB/140580070677760] libusb_control_transfer(dev = 0x55af15696360, bmRequestType = 0x40, bRequest = 0xa6, wValue = 0x3086, wIndex =  9986, data =          (nil), wLength =    0, timeout = 500)
[libUSB/140580070677760] libusb_control_transfer --> retval = 0
[libUSB/140580070677760] libusb_control_transfer(dev = 0x55af15696360, bmRequestType = 0x40, bRequest = 0xa6, wValue = 0x3086, wIndex =  5654, data =          (nil), wLength =    0, timeout = 500)
[libUSB/140580070677760] libusb_control_transfer --> retval = 0
[libUSB/140580070677760] libusb_control_transfer(dev = 0x55af15696360, bmRequestType = 0x40, bRequest = 0xa6, wValue = 0x3086, wIndex =  9990, data =          (nil), wLength =    0, timeout = 500)
[libUSB/140580070677760] libusb_control_transfer --> retval = 0
[libUSB/140580070677760] libusb_control_transfer(dev = 0x55af15696360, bmRequestType = 0x40, bRequest = 0xa6, wValue = 0x3086, wIndex =  5942, data =          (nil), wLength =    0, timeout = 500)
[libUSB/140580070677760] libusb_control_transfer --> retval = 0
[libUSB/140580070677760] libusb_control_transfer(dev = 0x55af15696360, bmRequestType = 0x40, bRequest = 0xa6, wValue = 0x3086, wIndex =  9894, data =          (nil), wLength =    0, timeout = 500)
[libUSB/140580070677760] libusb_control_transfer --> retval = 0
[libUSB/140580070677760] libusb_control_transfer(dev = 0x55af15696360, bmRequestType = 0x40, bRequest = 0xa6, wValue = 0x3086, wIndex =  5891, data =          (nil), wLength =    0, timeout = 500)
[libUSB/140580070677760] libusb_control_transfer --> retval = 0
[libUSB/140580070677760] libusb_control_transfer(dev = 0x55af15696360, bmRequestType = 0x40, bRequest = 0xa6, wValue = 0x3086, wIndex =  9892, data =          (nil), wLength =    0, timeout = 500)
[libUSB/140580070677760] libusb_control_transfer --> retval = 0
[libUSB/140580070677760] libusb_control_transfer(dev = 0x55af15696360, bmRequestType = 0x40, bRequest = 0xa6, wValue = 0x3086, wIndex =  5919, data =          (nil), wLength =    0, timeout = 500)
[libUSB/140580070677760] libusb_control_transfer --> retval = 0
[libUSB/140580070677760] libusb_control_transfer(dev = 0x55af15696360, bmRequestType = 0x40, bRequest = 0xa6, wValue = 0x3086, wIndex = 10245, data =          (nil), wLength =    0, timeout = 500)
[libUSB/140580070677760] libusb_control_transfer --> retval = 0
[libUSB/140580070677760] libusb_control_transfer(dev = 0x55af15696360, bmRequestType = 0x40, bRequest = 0xa6, wValue = 0x3086, wIndex =  9760, data =          (nil), wLength =    0, timeout = 500)
[libUSB/140580070677760] libusb_control_transfer --> retval = 0
[libUSB/140580070677760] libusb_control_transfer(dev = 0x55af15696360, bmRequestType = 0x40, bRequest = 0xa6, wValue = 0x3086, wIndex = 10244, data =          (nil), wLength =    0, timeout = 500)
[libUSB/140580070677760] libusb_control_transfer --> retval = 0
[libUSB/140580070677760] libusb_control_transfer(dev = 0x55af15696360, bmRequestType = 0x40, bRequest = 0xa6, wValue = 0x3086, wIndex =  9504, data =          (nil), wLength =    0, timeout = 500)
[libUSB/140580070677760] libusb_control_transfer --> retval = 0
[libUSB/140580070677760] libusb_control_transfer(dev = 0x55af15696360, bmRequestType = 0x40, bRequest = 0xa6, wValue = 0x3086, wIndex =  8231, data =          (nil), wLength =    0, timeout = 500)
[libUSB/140580070677760] libusb_control_transfer --> retval = 0
[libUSB/140580070677760] libusb_control_transfer(dev = 0x55af15696360, bmRequestType = 0x40, bRequest = 0xa6, wValue = 0x3086, wIndex =    23, data =          (nil), wLength =    0, timeout = 500)
[libUSB/140580070677760] libusb_control_transfer --> retval = 0
[libUSB/140580070677760] libusb_control_transfer(dev = 0x55af15696360, bmRequestType = 0x40, bRequest = 0xa6, wValue = 0x3086, wIndex =  7717, data =          (nil), wLength =    0, timeout = 500)
[libUSB/140580070677760] libusb_control_transfer --> retval = 0
[libUSB/140580070677760] libusb_control_transfer(dev = 0x55af15696360, bmRequestType = 0x40, bRequest = 0xa6, wValue = 0x3086, wIndex =    32, data =          (nil), wLength =    0, timeout = 500)
[libUSB/140580070677760] libusb_control_transfer --> retval = 0
[libUSB/140580070677760] libusb_control_transfer(dev = 0x55af15696360, bmRequestType = 0x40, bRequest = 0xa6, wValue = 0x3086, wIndex =  8471, data =          (nil), wLength =    0, timeout = 500)
[libUSB/140580070677760] libusb_control_transfer --> retval = 0
[libUSB/140580070677760] libusb_control_transfer(dev = 0x55af15696360, bmRequestType = 0x40, bRequest = 0xa6, wValue = 0x3086, wIndex =  4136, data =          (nil), wLength =    0, timeout = 500)
[libUSB/140580070677760] libusb_control_transfer --> retval = 0
[libUSB/140580070677760] libusb_control_transfer(dev = 0x55af15696360, bmRequestType = 0x40, bRequest = 0xa6, wValue = 0x3086, wIndex =  1307, data =          (nil), wLength =    0, timeout = 500)
[libUSB/140580070677760] libusb_control_transfer --> retval = 0
[libUSB/140580070677760] libusb_control_transfer(dev = 0x55af15696360, bmRequestType = 0x40, bRequest = 0xa6, wValue = 0x3086, wIndex =  5891, data =          (nil), wLength =    0, timeout = 500)
[libUSB/140580070677760] libusb_control_transfer --> retval = 0
[libUSB/140580070677760] libusb_control_transfer(dev = 0x55af15696360, bmRequestType = 0x40, bRequest = 0xa6, wValue = 0x3086, wIndex =  9990, data =          (nil), wLength =    0, timeout = 500)
[libUSB/140580070677760] libusb_control_transfer --> retval = 0
[libUSB/140580070677760] libusb_control_transfer(dev = 0x55af15696360, bmRequestType = 0x40, bRequest = 0xa6, wValue = 0x3086, wIndex =  5891, data =          (nil), wLength =    0, timeout = 500)
[libUSB/140580070677760] libusb_control_transfer --> retval = 0
[libUSB/140580070677760] libusb_control_transfer(dev = 0x55af15696360, bmRequestType = 0x40, bRequest = 0xa6, wValue = 0x3086, wIndex =  5959, data =          (nil), wLength =    0, timeout = 500)
[libUSB/140580070677760] libusb_control_transfer --> retval = 0
[libUSB/140580070677760] libusb_control_transfer(dev = 0x55af15696360, bmRequestType = 0x40, bRequest = 0xa6, wValue = 0x3086, wIndex =  9824, data =          (nil), wLength =    0, timeout = 500)
[libUSB/140580070677760] libusb_control_transfer --> retval = 0
[libUSB/140580070677760] libusb_control_transfer(dev = 0x55af15696360, bmRequestType = 0x40, bRequest = 0xa6, wValue = 0x3086, wIndex =  6062, data =          (nil), wLength =    0, timeout = 500)
[libUSB/140580070677760] libusb_control_transfer --> retval = 0
[libUSB/140580070677760] libusb_control_transfer(dev = 0x55af15696360, bmRequestType = 0x40, bRequest = 0xa6, wValue = 0x3086, wIndex =  9472, data =          (nil), wLength =    0, timeout = 500)
[libUSB/140580070677760] libusb_control_transfer --> retval = 0
[libUSB/140580070677760] libusb_control_transfer(dev = 0x55af15696360, bmRequestType = 0x40, bRequest = 0xa6, wValue = 0x3086, wIndex = 36903, data =          (nil), wLength =    0, timeout = 500)
[libUSB/140580070677760] libusb_control_transfer --> retval = 0
[libUSB/140580070677760] libusb_control_transfer(dev = 0x55af15696360, bmRequestType = 0x40, bRequest = 0xa6, wValue = 0x3086, wIndex =    38, data =          (nil), wLength =    0, timeout = 500)
[libUSB/140580070677760] libusb_control_transfer --> retval = 0
[libUSB/140580070677760] libusb_control_transfer(dev = 0x55af15696360, bmRequestType = 0x40, bRequest = 0xa6, wValue = 0x3086, wIndex =  6184, data =          (nil), wLength =    0, timeout = 500)
[libUSB/140580070677760] libusb_control_transfer --> retval = 0
[libUSB/140580070677760] libusb_control_transfer(dev = 0x55af15696360, bmRequestType = 0x40, bRequest = 0xa6, wValue = 0x3086, wIndex =    46, data =          (nil), wLength =    0, timeout = 500)
[libUSB/140580070677760] libusb_control_transfer --> retval = 0
[libUSB/140580070677760] libusb_control_transfer(dev = 0x55af15696360, bmRequestType = 0x40, bRequest = 0xa6, wValue = 0x3086, wIndex = 10792, data =          (nil), wLength =    0, timeout = 500)
[libUSB/140580070677760] libusb_control_transfer --> retval = 0
[libUSB/140580070677760] libusb_control_transfer(dev = 0x55af15696360, bmRequestType = 0x40, bRequest = 0xa6, wValue = 0x3086, wIndex =  2078, data =          (nil), wLength =    0, timeout = 500)
[libUSB/140580070677760] libusb_control_transfer --> retval = 0
[libUSB/140580070677760] libusb_control_transfer(dev = 0x55af15696360, bmRequestType = 0x40, bRequest = 0xa6, wValue = 0x3086, wIndex =  2097, data =          (nil), wLength =    0, timeout = 500)
[libUSB/140580070677760] libusb_control_transfer --> retval = 0
[libUSB/140580070677760] libusb_control_transfer(dev = 0x55af15696360, bmRequestType = 0x40, bRequest = 0xa6, wValue = 0x3086, wIndex =  5184, data =          (nil), wLength =    0, timeout = 500)
[libUSB/140580070677760] libusb_control_transfer --> retval = 0
[libUSB/140580070677760] libusb_control_transfer(dev = 0x55af15696360, bmRequestType = 0x40, bRequest = 0xa6, wValue = 0x3086, wIndex = 16404, data =          (nil), wLength =    0, timeout = 500)
[libUSB/140580070677760] libusb_control_transfer --> retval = 0
[libUSB/140580070677760] libusb_control_transfer(dev = 0x55af15696360, bmRequestType = 0x40, bRequest = 0xa6, wValue = 0x3086, wIndex =  8224, data =          (nil), wLength =    0, timeout = 500)
[libUSB/140580070677760] libusb_control_transfer --> retval = 0
[libUSB/140580070677760] libusb_control_transfer(dev = 0x55af15696360, bmRequestType = 0x40, bRequest = 0xa6, wValue = 0x3086, wIndex =  5136, data =          (nil), wLength =    0, timeout = 500)
[libUSB/140580070677760] libusb_control_transfer --> retval = 0
[libUSB/140580070677760] libusb_control_transfer(dev = 0x55af15696360, bmRequestType = 0x40, bRequest = 0xa6, wValue = 0x3086, wIndex =  4148, data =          (nil), wLength =    0, timeout = 500)
[libUSB/140580070677760] libusb_control_transfer --> retval = 0
[libUSB/140580070677760] libusb_control_transfer(dev = 0x55af15696360, bmRequestType = 0x40, bRequest = 0xa6, wValue = 0x3086, wIndex =  5120, data =          (nil), wLength =    0, timeout = 500)
[libUSB/140580070677760] libusb_control_transfer --> retval = 0
[libUSB/140580070677760] libusb_control_transfer(dev = 0x55af15696360, bmRequestType = 0x40, bRequest = 0xa6, wValue = 0x3086, wIndex =  4116, data =          (nil), wLength =    0, timeout = 500)
[libUSB/140580070677760] libusb_control_transfer --> retval = 0
[libUSB/140580070677760] libusb_control_transfer(dev = 0x55af15696360, bmRequestType = 0x40, bRequest = 0xa6, wValue = 0x3086, wIndex =    32, data =          (nil), wLength =    0, timeout = 500)
[libUSB/140580070677760] libusb_control_transfer --> retval = 0
[libUSB/140580070677760] libusb_control_transfer(dev = 0x55af15696360, bmRequestType = 0x40, bRequest = 0xa6, wValue = 0x3086, wIndex =  5120, data =          (nil), wLength =    0, timeout = 500)
[libUSB/140580070677760] libusb_control_transfer --> retval = 0
[libUSB/140580070677760] libusb_control_transfer(dev = 0x55af15696360, bmRequestType = 0x40, bRequest = 0xa6, wValue = 0x3086, wIndex = 16403, data =          (nil), wLength =    0, timeout = 500)
[libUSB/140580070677760] libusb_control_transfer --> retval = 0
[libUSB/140580070677760] libusb_control_transfer(dev = 0x55af15696360, bmRequestType = 0x40, bRequest = 0xa6, wValue = 0x3086, wIndex =  6146, data =          (nil), wLength =    0, timeout = 500)
[libUSB/140580070677760] libusb_control_transfer --> retval = 0
[libUSB/140580070677760] libusb_control_transfer(dev = 0x55af15696360, bmRequestType = 0x40, bRequest = 0xa6, wValue = 0x3086, wIndex =  5232, data =          (nil), wLength =    0, timeout = 500)
[libUSB/140580070677760] libusb_control_transfer --> retval = 0
[libUSB/140580070677760] libusb_control_transfer(dev = 0x55af15696360, bmRequestType = 0x40, bRequest = 0xa6, wValue = 0x3086, wIndex = 28676, data =          (nil), wLength =    0, timeout = 500)
[libUSB/140580070677760] libusb_control_transfer --> retval = 0
[libUSB/140580070677760] libusb_control_transfer(dev = 0x55af15696360, bmRequestType = 0x40, bRequest = 0xa6, wValue = 0x3086, wIndex =  5232, data =          (nil), wLength =    0, timeout = 500)
[libUSB/140580070677760] libusb_control_transfer --> retval = 0
[libUSB/140580070677760] libusb_control_transfer(dev = 0x55af15696360, bmRequestType = 0x40, bRequest = 0xa6, wValue = 0x3086, wIndex = 28675, data =          (nil), wLength =    0, timeout = 500)
[libUSB/140580070677760] libusb_control_transfer --> retval = 0
[libUSB/140580070677760] libusb_control_transfer(dev = 0x55af15696360, bmRequestType = 0x40, bRequest = 0xa6, wValue = 0x3086, wIndex =  5232, data =          (nil), wLength =    0, timeout = 500)
[libUSB/140580070677760] libusb_control_transfer --> retval = 0
[libUSB/140580070677760] libusb_control_transfer(dev = 0x55af15696360, bmRequestType = 0x40, bRequest = 0xa6, wValue = 0x3086, wIndex = 28695, data =          (nil), wLength =    0, timeout = 500)
[libUSB/140580070677760] libusb_control_transfer --> retval = 0
[libUSB/140580070677760] libusb_control_transfer(dev = 0x55af15696360, bmRequestType = 0x40, bRequest = 0xa6, wValue = 0x3086, wIndex =  8194, data =          (nil), wLength =    0, timeout = 500)
[libUSB/140580070677760] libusb_control_transfer --> retval = 0
[libUSB/140580070677760] libusb_control_transfer(dev = 0x55af15696360, bmRequestType = 0x40, bRequest = 0xa6, wValue = 0x3086, wIndex =  5120, data =          (nil), wLength =    0, timeout = 500)
[libUSB/140580070677760] libusb_control_transfer --> retval = 0
[libUSB/140580070677760] libusb_control_transfer(dev = 0x55af15696360, bmRequestType = 0x40, bRequest = 0xa6, wValue = 0x3086, wIndex =  8194, data =          (nil), wLength =    0, timeout = 500)
[libUSB/140580070677760] libusb_control_transfer --> retval = 0
[libUSB/140580070677760] libusb_control_transfer(dev = 0x55af15696360, bmRequestType = 0x40, bRequest = 0xa6, wValue = 0x3086, wIndex =  5120, data =          (nil), wLength =    0, timeout = 500)
[libUSB/140580070677760] libusb_control_transfer --> retval = 0
[libUSB/140580070677760] libusb_control_transfer(dev = 0x55af15696360, bmRequestType = 0x40, bRequest = 0xa6, wValue = 0x3086, wIndex = 20484, data =          (nil), wLength =    0, timeout = 500)
[libUSB/140580070677760] libusb_control_transfer --> retval = 0
[libUSB/140580070677760] libusb_control_transfer(dev = 0x55af15696360, bmRequestType = 0x40, bRequest = 0xa6, wValue = 0x3086, wIndex =  5120, data =          (nil), wLength =    0, timeout = 500)
[libUSB/140580070677760] libusb_control_transfer --> retval = 0
[libUSB/140580070677760] libusb_control_transfer(dev = 0x55af15696360, bmRequestType = 0x40, bRequest = 0xa6, wValue = 0x3086, wIndex =  8196, data =          (nil), wLength =    0, timeout = 500)
[libUSB/140580070677760] libusb_control_transfer --> retval = 0
[libUSB/140580070677760] libusb_control_transfer(dev = 0x55af15696360, bmRequestType = 0x40, bRequest = 0xa6, wValue = 0x3086, wIndex =  5120, data =          (nil), wLength =    0, timeout = 500)
[libUSB/140580070677760] libusb_control_transfer --> retval = 0
[libUSB/140580070677760] libusb_control_transfer(dev = 0x55af15696360, bmRequestType = 0x40, bRequest = 0xa6, wValue = 0x3086, wIndex = 20514, data =          (nil), wLength =    0, timeout = 500)
[libUSB/140580070677760] libusb_control_transfer --> retval = 0
[libUSB/140580070677760] libusb_control_transfer(dev = 0x55af15696360, bmRequestType = 0x40, bRequest = 0xa6, wValue = 0x3086, wIndex =   788, data =          (nil), wLength =    0, timeout = 500)
[libUSB/140580070677760] libusb_control_transfer --> retval = 0
[libUSB/140580070677760] libusb_control_transfer(dev = 0x55af15696360, bmRequestType = 0x40, bRequest = 0xa6, wValue = 0x3086, wIndex =    32, data =          (nil), wLength =    0, timeout = 500)
[libUSB/140580070677760] libusb_control_transfer --> retval = 0
[libUSB/140580070677760] libusb_control_transfer(dev = 0x55af15696360, bmRequestType = 0x40, bRequest = 0xa6, wValue = 0x3086, wIndex =   788, data =          (nil), wLength =    0, timeout = 500)
[libUSB/140580070677760] libusb_control_transfer --> retval = 0
[libUSB/140580070677760] libusb_control_transfer(dev = 0x55af15696360, bmRequestType = 0x40, bRequest = 0xa6, wValue = 0x3086, wIndex =    80, data =          (nil), wLength =    0, timeout = 500)
[libUSB/140580070677760] libusb_control_transfer --> retval = 0
[libUSB/140580070677760] libusb_control_transfer(dev = 0x55af15696360, bmRequestType = 0x40, bRequest = 0xa6, wValue = 0x3086, wIndex = 11308, data =          (nil), wLength =    0, timeout = 500)
[libUSB/140580070677760] libusb_control_transfer --> retval = 0
[libUSB/140580070677760] libusb_control_transfer(dev = 0x55af15696360, bmRequestType = 0x40, bRequest = 0xa6, wValue = 0x3086, wIndex = 11308, data =          (nil), wLength =    0, timeout = 500)
[libUSB/140580070677760] libusb_control_transfer --> retval = 0
[libUSB/140580070677760] libusb_control_transfer(dev = 0x55af15696360, bmRequestType = 0x40, bRequest = 0xa6, wValue = 0x309e, wIndex =     0, data =          (nil), wLength =    0, timeout = 500)
[libUSB/140580070677760] libusb_control_transfer --> retval = 0
[libUSB/140580070677760] libusb_control_transfer(dev = 0x55af15696360, bmRequestType = 0x40, bRequest = 0xa6, wValue = 0x301a, wIndex =  4312, data =          (nil), wLength =    0, timeout = 500)
[libUSB/140580070677760] libusb_control_transfer --> retval = 0
[libUSB/140580070677760] libusb_control_transfer(dev = 0x55af15696360, bmRequestType = 0x40, bRequest = 0xa6, wValue = 0x3082, wIndex =    41, data =          (nil), wLength =    0, timeout = 500)
[libUSB/140580070677760] libusb_control_transfer --> retval = 0
[libUSB/140580070677760] libusb_control_transfer(dev = 0x55af15696360, bmRequestType = 0x40, bRequest = 0xa6, wValue = 0x301e, wIndex =     0, data =          (nil), wLength =    0, timeout = 500)
[libUSB/140580070677760] libusb_control_transfer --> retval = 0
[libUSB/140580070677760] libusb_control_transfer(dev = 0x55af15696360, bmRequestType = 0x40, bRequest = 0xa6, wValue = 0x3eda, wIndex =  3843, data =          (nil), wLength =    0, timeout = 500)
[libUSB/140580070677760] libusb_control_transfer --> retval = 0
[libUSB/140580070677760] libusb_control_transfer(dev = 0x55af15696360, bmRequestType = 0x40, bRequest = 0xa6, wValue = 0x3ede, wIndex = 49157, data =          (nil), wLength =    0, timeout = 500)
[libUSB/140580070677760] libusb_control_transfer --> retval = 0
[libUSB/140580070677760] libusb_control_transfer(dev = 0x55af15696360, bmRequestType = 0x40, bRequest = 0xa6, wValue = 0x3ed8, wIndex =  2543, data =          (nil), wLength =    0, timeout = 500)
[libUSB/140580070677760] libusb_control_transfer --> retval = 0
[libUSB/140580070677760] libusb_control_transfer(dev = 0x55af15696360, bmRequestType = 0x40, bRequest = 0xa6, wValue = 0x3ee2, wIndex = 42091, data =          (nil), wLength =    0, timeout = 500)
[libUSB/140580070677760] libusb_control_transfer --> retval = 0
[libUSB/140580070677760] libusb_control_transfer(dev = 0x55af15696360, bmRequestType = 0x40, bRequest = 0xa6, wValue = 0x3ee0, wIndex =  1149, data =          (nil), wLength =    0, timeout = 500)
[libUSB/140580070677760] libusb_control_transfer --> retval = 0
[libUSB/140580070677760] libusb_control_transfer(dev = 0x55af15696360, bmRequestType = 0x40, bRequest = 0xa6, wValue = 0x3edc, wIndex =   112, data =          (nil), wLength =    0, timeout = 500)
[libUSB/140580070677760] libusb_control_transfer --> retval = 0
[libUSB/140580070677760] libusb_control_transfer(dev = 0x55af15696360, bmRequestType = 0x40, bRequest = 0xa6, wValue = 0x3044, wIndex =  1028, data =          (nil), wLength =    0, timeout = 500)
[libUSB/140580070677760] libusb_control_transfer --> retval = 0
[libUSB/140580070677760] libusb_control_transfer(dev = 0x55af15696360, bmRequestType = 0x40, bRequest = 0xa6, wValue = 0x3ee6, wIndex = 33539, data =          (nil), wLength =    0, timeout = 500)
[libUSB/140580070677760] libusb_control_transfer --> retval = 0
[libUSB/140580070677760] libusb_control_transfer(dev = 0x55af15696360, bmRequestType = 0x40, bRequest = 0xa6, wValue = 0x3ee4, wIndex = 54024, data =          (nil), wLength =    0, timeout = 500)
[libUSB/140580070677760] libusb_control_transfer --> retval = 0
[libUSB/140580070677760] libusb_control_transfer(dev = 0x55af15696360, bmRequestType = 0x40, bRequest = 0xa6, wValue = 0x3ed6, wIndex =   189, data =          (nil), wLength =    0, timeout = 500)
[libUSB/140580070677760] libusb_control_transfer --> retval = 0
[libUSB/140580070677760] libusb_control_transfer(dev = 0x55af15696360, bmRequestType = 0x40, bRequest = 0xa6, wValue = 0x3ee6, wIndex = 33539, data =          (nil), wLength =    0, timeout = 500)
[libUSB/140580070677760] libusb_control_transfer --> retval = 0
[libUSB/140580070677760] libusb_control_transfer(dev = 0x55af15696360, bmRequestType = 0x40, bRequest = 0xa6, wValue = 0x30e4, wIndex = 25458, data =          (nil), wLength =    0, timeout = 500)
[libUSB/140580070677760] libusb_control_transfer --> retval = 0
[libUSB/140580070677760] libusb_control_transfer(dev = 0x55af15696360, bmRequestType = 0x40, bRequest = 0xa6, wValue = 0x30e2, wIndex = 29267, data =          (nil), wLength =    0, timeout = 500)
[libUSB/140580070677760] libusb_control_transfer --> retval = 0
[libUSB/140580070677760] libusb_control_transfer(dev = 0x55af15696360, bmRequestType = 0x40, bRequest = 0xa6, wValue = 0x30e0, wIndex = 21616, data =          (nil), wLength =    0, timeout = 500)
[libUSB/140580070677760] libusb_control_transfer --> retval = 0
[libUSB/140580070677760] libusb_control_transfer(dev = 0x55af15696360, bmRequestType = 0x40, bRequest = 0xa6, wValue = 0x30e6, wIndex = 50380, data =          (nil), wLength =    0, timeout = 500)
[libUSB/140580070677760] libusb_control_transfer --> retval = 0
[libUSB/140580070677760] libusb_control_transfer(dev = 0x55af15696360, bmRequestType = 0x40, bRequest = 0xa6, wValue = 0x30e8, wIndex = 32848, data =          (nil), wLength =    0, timeout = 500)
[libUSB/140580070677760] libusb_control_transfer --> retval = 0
[libUSB/140580070677760] libusb_control_transfer(dev = 0x55af15696360, bmRequestType = 0x40, bRequest = 0xa6, wValue = 0x30b0, wIndex = 21248, data =          (nil), wLength =    0, timeout = 500)
[libUSB/140580070677760] libusb_control_transfer --> retval = 0
[libUSB/140580070677760] libusb_control_transfer(dev = 0x55af15696360, bmRequestType = 0x40, bRequest = 0xa6, wValue = 0x30d4, wIndex = 57351, data =          (nil), wLength =    0, timeout = 500)
[libUSB/140580070677760] libusb_control_transfer --> retval = 0
[libUSB/140580070677760] libusb_control_transfer(dev = 0x55af15696360, bmRequestType = 0x40, bRequest = 0xa6, wValue = 0x30ba, wIndex =     8, data =          (nil), wLength =    0, timeout = 500)
[libUSB/140580070677760] libusb_control_transfer --> retval = 0
[libUSB/140580070677760] libusb_control_transfer(dev = 0x55af15696360, bmRequestType = 0x40, bRequest = 0xa6, wValue = 0x301a, wIndex =  4316, data =          (nil), wLength =    0, timeout = 500)
[libUSB/140580070677760] libusb_control_transfer --> retval = 0
[libUSB/140580070677760] libusb_control_transfer(dev = 0x55af15696360, bmRequestType = 0x40, bRequest = 0xa6, wValue = 0x301a, wIndex =  4312, data =          (nil), wLength =    0, timeout = 500)
[libUSB/140580070677760] libusb_control_transfer --> retval = 0
[libUSB/140580070677760] libusb_control_transfer(dev = 0x55af15696360, bmRequestType = 0x40, bRequest = 0xa6, wValue = 0x3012, wIndex =    10, data =          (nil), wLength =    0, timeout = 500)
[libUSB/140580070677760] libusb_control_transfer --> retval = 0
[libUSB/140580070677760] libusb_control_transfer(dev = 0x55af15696360, bmRequestType = 0x40, bRequest = 0xa6, wValue = 0x30b0, wIndex = 21248, data =          (nil), wLength =    0, timeout = 500)
[libUSB/140580070677760] libusb_control_transfer --> retval = 0
[libUSB/140580070677760] libusb_control_transfer(dev = 0x55af15696360, bmRequestType = 0x40, bRequest = 0xa6, wValue = 0x3064, wIndex =  6146, data =          (nil), wLength =    0, timeout = 500)
[libUSB/140580070677760] libusb_control_transfer --> retval = 0
[libUSB/140580070677760] libusb_control_transfer(dev = 0x55af15696360, bmRequestType = 0x40, bRequest = 0xa6, wValue = 0x31e0, wIndex =     3, data =          (nil), wLength =    0, timeout = 500)
[libUSB/140580070677760] libusb_control_transfer --> retval = 0
[libUSB/140580070677760] libusb_control_transfer(dev = 0x55af15696360, bmRequestType = 0x40, bRequest = 0xa6, wValue = 0x30b4, wIndex =    17, data =          (nil), wLength =    0, timeout = 500)
[libUSB/140580070677760] libusb_control_transfer --> retval = 0
[libUSB/140580070677760] libusb_control_transfer(dev = 0x55af15696360, bmRequestType = 0x40, bRequest = 0xa6, wValue = 0x3100, wIndex =     0, data =          (nil), wLength =    0, timeout = 500)
[libUSB/140580070677760] libusb_control_transfer --> retval = 0
[libUSB/140580070677760] libusb_control_transfer(dev = 0x55af15696360, bmRequestType = 0xc0, bRequest = 0xa7, wValue = 0x30c8, wIndex =     0, data = 0x7ffcfa74f5f0, wLength =    2, timeout = 500)
[libUSB/140580070677760] libusb_control_transfer --> retval = 2
[libUSB/140580070677760] libusb_control_transfer(dev = 0x55af15696360, bmRequestType = 0xc0, bRequest = 0xa7, wValue = 0x30b2, wIndex =     0, data = 0x7ffcfa74f5f0, wLength =    2, timeout = 500)
[libUSB/140580070677760] libusb_control_transfer --> retval = 2
[libUSB/140580070677760] libusb_control_transfer(dev = 0x55af15696360, bmRequestType = 0x40, bRequest = 0xa6, wValue = 0x305a, wIndex =    34, data =          (nil), wLength =    0, timeout = 500)
[libUSB/140580070677760] libusb_control_transfer --> retval = 0
[libUSB/140580070677760] libusb_control_transfer(dev = 0x55af15696360, bmRequestType = 0x40, bRequest = 0xa6, wValue = 0x3058, wIndex =    62, data =          (nil), wLength =    0, timeout = 500)
[libUSB/140580070677760] libusb_control_transfer --> retval = 0
[libUSB/140580070677760] libusb_control_transfer(dev = 0x55af15696360, bmRequestType = 0x40, bRequest = 0xa6, wValue = 0x301e, wIndex =     0, data =          (nil), wLength =    0, timeout = 500)
[libUSB/140580070677760] libusb_control_transfer --> retval = 0
[libUSB/140580070677760] libusb_control_transfer(dev = 0x55af15696360, bmRequestType = 0x40, bRequest = 0xa6, wValue = 0x3012, wIndex =   248, data =          (nil), wLength =    0, timeout = 500)
[libUSB/140580070677760] libusb_control_transfer --> retval = 0
[libUSB/140580070677760] libusb_control_transfer(dev = 0x55af15696360, bmRequestType = 0x40, bRequest = 0xa6, wValue = 0x301a, wIndex =  4314, data =          (nil), wLength =    0, timeout = 500)
[libUSB/140580070677760] libusb_control_transfer --> retval = 0
[libUSB/140580070677760] libusb_control_transfer(dev = 0x55af15696360, bmRequestType = 0x40, bRequest = 0xa6, wValue = 0x302c, wIndex =     1, data =          (nil), wLength =    0, timeout = 500)
[libUSB/140580070677760] libusb_control_transfer --> retval = 0
[libUSB/140580070677760] libusb_control_transfer(dev = 0x55af15696360, bmRequestType = 0x40, bRequest = 0xa6, wValue = 0x302a, wIndex =     4, data =          (nil), wLength =    0, timeout = 500)
[libUSB/140580070677760] libusb_control_transfer --> retval = 0
[libUSB/140580070677760] libusb_control_transfer(dev = 0x55af15696360, bmRequestType = 0x40, bRequest = 0xa6, wValue = 0x302e, wIndex =     6, data =          (nil), wLength =    0, timeout = 500)
[libUSB/140580070677760] libusb_control_transfer --> retval = 0
[libUSB/140580070677760] libusb_control_transfer(dev = 0x55af15696360, bmRequestType = 0x40, bRequest = 0xa6, wValue = 0x3030, wIndex =    41, data =          (nil), wLength =    0, timeout = 500)
[libUSB/140580070677760] libusb_control_transfer --> retval = 0
[libUSB/140580070677760] libusb_control_transfer(dev = 0x55af15696360, bmRequestType = 0x40, bRequest = 0xa6, wValue = 0x301a, wIndex =  4316, data =          (nil), wLength =    0, timeout = 500)
[libUSB/140580070677760] libusb_control_transfer --> retval = 0
[libUSB/140580070677760] libusb_control_transfer(dev = 0x55af15696360, bmRequestType = 0x40, bRequest = 0xa6, wValue = 0x300c, wIndex =  3650, data =          (nil), wLength =    0, timeout = 500)
[libUSB/140580070677760] libusb_control_transfer --> retval = 0
[libUSB/140580070677760] libusb_control_transfer(dev = 0x55af15696360, bmRequestType = 0x40, bRequest = 0xa6, wValue = 0x3012, wIndex =   112, data =          (nil), wLength =    0, timeout = 500)
[libUSB/140580070677760] libusb_control_transfer --> retval = 0
[libUSB/140580070677760] libusb_control_transfer(dev = 0x55af15696360, bmRequestType = 0x40, bRequest = 0xa6, wValue = 0x300c, wIndex =  3650, data =          (nil), wLength =    0, timeout = 500)
[libUSB/140580070677760] libusb_control_transfer --> retval = 0
[libUSB/140580070677760] libusb_control_transfer(dev = 0x55af15696360, bmRequestType = 0x40, bRequest = 0xa6, wValue = 0x3012, wIndex =   112, data =          (nil), wLength =    0, timeout = 500)
[libUSB/140580070677760] libusb_control_transfer --> retval = 0
[libUSB/140580070677760] libusb_control_transfer(dev = 0x55af15696360, bmRequestType = 0x40, bRequest = 0xa6, wValue = 0x30b0, wIndex =  4912, data =          (nil), wLength =    0, timeout = 500)
[libUSB/140580070677760] libusb_control_transfer --> retval = 0
[libUSB/140580070677760] libusb_control_transfer(dev = 0x55af15696360, bmRequestType = 0x40, bRequest = 0xa6, wValue = 0x3056, wIndex =    36, data =          (nil), wLength =    0, timeout = 500)
[libUSB/140580070677760] libusb_control_transfer --> retval = 0
[libUSB/140580070677760] libusb_control_transfer(dev = 0x55af15696360, bmRequestType = 0x40, bRequest = 0xa6, wValue = 0x305c, wIndex =    36, data =          (nil), wLength =    0, timeout = 500)
[libUSB/140580070677760] libusb_control_transfer --> retval = 0
[libUSB/140580070677760] libusb_control_transfer(dev = 0x55af15696360, bmRequestType = 0x40, bRequest = 0xa6, wValue = 0x305a, wIndex =    34, data =          (nil), wLength =    0, timeout = 500)
[libUSB/140580070677760] libusb_control_transfer --> retval = 0
[libUSB/140580070677760] libusb_control_transfer(dev = 0x55af15696360, bmRequestType = 0x40, bRequest = 0xa6, wValue = 0x3058, wIndex =    62, data =          (nil), wLength =    0, timeout = 500)
[libUSB/140580070677760] libusb_control_transfer --> retval = 0
[libUSB/140580070677760] libusb_control_transfer(dev = 0x55af15696360, bmRequestType = 0x40, bRequest = 0xa6, wValue = 0x3012, wIndex =   112, data =          (nil), wLength =    0, timeout = 500)
[libUSB/140580070677760] libusb_control_transfer --> retval = 0
[libUSB/140580070677760] libusb_control_transfer(dev = 0x55af15696360, bmRequestType = 0x40, bRequest = 0xa6, wValue = 0x3002, wIndex =     2, data =          (nil), wLength =    0, timeout = 500)
[libUSB/140580070677760] libusb_control_transfer --> retval = 0
[libUSB/140580070677760] libusb_control_transfer(dev = 0x55af15696360, bmRequestType = 0x40, bRequest = 0xa6, wValue = 0x3004, wIndex =     0, data =          (nil), wLength =    0, timeout = 500)
[libUSB/140580070677760] libusb_control_transfer --> retval = 0
[libUSB/140580070677760] libusb_control_transfer(dev = 0x55af15696360, bmRequestType = 0x40, bRequest = 0xa6, wValue = 0x3006, wIndex =   961, data =          (nil), wLength =    0, timeout = 500)
[libUSB/140580070677760] libusb_control_transfer --> retval = 0
[libUSB/140580070677760] libusb_control_transfer(dev = 0x55af15696360, bmRequestType = 0x40, bRequest = 0xa6, wValue = 0x3008, wIndex =  1279, data =          (nil), wLength =    0, timeout = 500)
[libUSB/140580070677760] libusb_control_transfer --> retval = 0
[libUSB/140580070677760] libusb_control_transfer(dev = 0x55af15696360, bmRequestType = 0x40, bRequest = 0xab, wValue = 0x0000, wIndex =     0, data =          (nil), wLength =    0, timeout = 200)
[libUSB/140580070677760] libusb_control_transfer --> retval = 0
[libUSB/140580070677760] libusb_clear_halt(dev=0x55af15696360, endpoint=129)
[libUSB/140580070677760] libusb_clear_halt --> retval = 0
[libUSB/140580070677760] libusb_control_transfer(dev = 0x55af15696360, bmRequestType = 0x40, bRequest = 0xb5, wValue = 0x0000, wIndex =    25, data =          (nil), wLength =    0, timeout = 500)
[libUSB/140580070677760] libusb_control_transfer --> retval = 0
[libUSB/140580070677760] libusb_control_transfer(dev = 0x55af15696360, bmRequestType = 0x40, bRequest = 0xa6, wValue = 0x300c, wIndex =  3650, data =          (nil), wLength =    0, timeout = 500)
[libUSB/140580070677760] libusb_control_transfer --> retval = 0
[libUSB/140580070677760] libusb_control_transfer(dev = 0x55af15696360, bmRequestType = 0x40, bRequest = 0xa6, wValue = 0x3012, wIndex =   112, data =          (nil), wLength =    0, timeout = 500)
[libUSB/140580070677760] libusb_control_transfer --> retval = 0
[libUSB/140580070677760] libusb_control_transfer(dev = 0x55af15696360, bmRequestType = 0x40, bRequest = 0xa6, wValue = 0x300a, wIndex =   986, data =          (nil), wLength =    0, timeout = 500)
[libUSB/140580070677760] libusb_control_transfer --> retval = 0
ASISetROIFormat()
[libUSB/140580070677760] libusb_control_transfer(dev = 0x55af15696360, bmRequestType = 0x40, bRequest = 0xa6, wValue = 0x3002, wIndex =   430, data =          (nil), wLength =    0, timeout = 500)
[libUSB/140580070677760] libusb_control_transfer --> retval = 0
[libUSB/140580070677760] libusb_control_transfer(dev = 0x55af15696360, bmRequestType = 0x40, bRequest = 0xa6, wValue = 0x3004, wIndex =   588, data =          (nil), wLength =    0, timeout = 500)
[libUSB/140580070677760] libusb_control_transfer --> retval = 0
[libUSB/140580070677760] libusb_control_transfer(dev = 0x55af15696360, bmRequestType = 0x40, bRequest = 0xa6, wValue = 0x3006, wIndex =   533, data =          (nil), wLength =    0, timeout = 500)
[libUSB/140580070677760] libusb_control_transfer --> retval = 0
[libUSB/140580070677760] libusb_control_transfer(dev = 0x55af15696360, bmRequestType = 0x40, bRequest = 0xa6, wValue = 0x3008, wIndex =   691, data =          (nil), wLength =    0, timeout = 500)
[libUSB/140580070677760] libusb_control_transfer --> retval = 0
[libUSB/140580070677760] libusb_control_transfer(dev = 0x55af15696360, bmRequestType = 0x40, bRequest = 0xab, wValue = 0x0000, wIndex =     0, data =          (nil), wLength =    0, timeout = 200)
[libUSB/140580070677760] libusb_control_transfer --> retval = 0
[libUSB/140580070677760] libusb_clear_halt(dev=0x55af15696360, endpoint=129)
[libUSB/140580070677760] libusb_clear_halt --> retval = 0
[libUSB/140580070677760] libusb_control_transfer(dev = 0x55af15696360, bmRequestType = 0x40, bRequest = 0xb5, wValue = 0x0000, wIndex =     1, data =          (nil), wLength =    0, timeout = 500)
[libUSB/140580070677760] libusb_control_transfer --> retval = 0
[libUSB/140580070677760] libusb_control_transfer(dev = 0x55af15696360, bmRequestType = 0x40, bRequest = 0xa6, wValue = 0x300c, wIndex =  1390, data =          (nil), wLength =    0, timeout = 500)
[libUSB/140580070677760] libusb_control_transfer --> retval = 0
[libUSB/140580070677760] libusb_control_transfer(dev = 0x55af15696360, bmRequestType = 0x40, bRequest = 0xa6, wValue = 0x3012, wIndex =   294, data =          (nil), wLength =    0, timeout = 500)
[libUSB/140580070677760] libusb_control_transfer --> retval = 0
[libUSB/140580070677760] libusb_control_transfer(dev = 0x55af15696360, bmRequestType = 0x40, bRequest = 0xa6, wValue = 0x300a, wIndex =   130, data =          (nil), wLength =    0, timeout = 500)
[libUSB/140580070677760] libusb_control_transfer --> retval = 0

Set ROI image format success width:104 height:104 bin:1 image_type:0 
ASISetControlValue(GAIN)
[libUSB/140580070677760] libusb_control_transfer(dev = 0x55af15696360, bmRequestType = 0x40, bRequest = 0xa6, wValue = 0x30b0, wIndex =  4912, data =          (nil), wLength =    0, timeout = 500)
[libUSB/140580070677760] libusb_control_transfer --> retval = 0
[libUSB/140580070677760] libusb_control_transfer(dev = 0x55af15696360, bmRequestType = 0x40, bRequest = 0xa6, wValue = 0x3056, wIndex =    36, data =          (nil), wLength =    0, timeout = 500)
[libUSB/140580070677760] libusb_control_transfer --> retval = 0
[libUSB/140580070677760] libusb_control_transfer(dev = 0x55af15696360, bmRequestType = 0x40, bRequest = 0xa6, wValue = 0x305c, wIndex =    36, data =          (nil), wLength =    0, timeout = 500)
[libUSB/140580070677760] libusb_control_transfer --> retval = 0
[libUSB/140580070677760] libusb_control_transfer(dev = 0x55af15696360, bmRequestType = 0x40, bRequest = 0xa6, wValue = 0x305a, wIndex =    34, data =          (nil), wLength =    0, timeout = 500)
[libUSB/140580070677760] libusb_control_transfer --> retval = 0
[libUSB/140580070677760] libusb_control_transfer(dev = 0x55af15696360, bmRequestType = 0x40, bRequest = 0xa6, wValue = 0x3058, wIndex =    62, data =          (nil), wLength =    0, timeout = 500)
[libUSB/140580070677760] libusb_control_transfer --> retval = 0
Set gain: 50 
ASISetControlValue(BANDWIDTHOVERLOAD)
[libUSB/140580070677760] libusb_control_transfer(dev = 0x55af15696360, bmRequestType = 0x40, bRequest = 0xa6, wValue = 0x300c, wIndex =  1390, data =          (nil), wLength =    0, timeout = 500)
[libUSB/140580070677760] libusb_control_transfer --> retval = 0
[libUSB/140580070677760] libusb_control_transfer(dev = 0x55af15696360, bmRequestType = 0x40, bRequest = 0xa6, wValue = 0x3012, wIndex =   294, data =          (nil), wLength =    0, timeout = 500)
[libUSB/140580070677760] libusb_control_transfer --> retval = 0
Set bandwidthoverload: 40 
ASISetControlValue(EXPOSURE)
[libUSB/140580070677760] libusb_control_transfer(dev = 0x55af15696360, bmRequestType = 0xc0, bRequest = 0xa7, wValue = 0x30b0, wIndex =     0, data = 0x7ffcfa74f460, wLength =    2, timeout = 500)
[libUSB/140580070677760] libusb_control_transfer --> retval = 2
[libUSB/140580070677760] libusb_control_transfer(dev = 0x55af15696360, bmRequestType = 0x40, bRequest = 0xa6, wValue = 0x301a, wIndex =  4312, data =          (nil), wLength =    0, timeout = 500)
[libUSB/140580070677760] libusb_control_transfer --> retval = 0
[libUSB/140580070677760] libusb_control_transfer(dev = 0x55af15696360, bmRequestType = 0x40, bRequest = 0xa6, wValue = 0x30b0, wIndex = 21296, data =          (nil), wLength =    0, timeout = 500)
[libUSB/140580070677760] libusb_control_transfer --> retval = 0
[libUSB/140580070677760] libusb_control_transfer(dev = 0x55af15696360, bmRequestType = 0x40, bRequest = 0xa6, wValue = 0x301a, wIndex =  4316, data =          (nil), wLength =    0, timeout = 500)
[libUSB/140580070677760] libusb_control_transfer --> retval = 0
[libUSB/140580070677760] libusb_control_transfer(dev = 0x55af15696360, bmRequestType = 0x40, bRequest = 0xa6, wValue = 0x3012, wIndex =  1726, data =          (nil), wLength =    0, timeout = 500)
[libUSB/140580070677760] libusb_control_transfer --> retval = 0
Set exposure time(ms): 100 
ASIStartExposure()
[libUSB/140580015703808] libusb_reset_device(dev = 0x55af15696360)
[libUSB/140580015703808] libusb_control_transfer(dev = 0x55af15696360, bmRequestType = 0x40, bRequest = 0xaa, wValue = 0x0000, wIndex =     0, data =          (nil), wLength =    0, timeout = 200)
[libUSB/140580015703808] libusb_control_transfer --> retval = 0
[libUSB/140580015703808] libusb_control_transfer(dev = 0x55af15696360, bmRequestType = 0x40, bRequest = 0xa6, wValue = 0x301a, wIndex =  4312, data =          (nil), wLength =    0, timeout = 500)
[libUSB/140580015703808] libusb_control_transfer --> retval = 0
[libUSB/140580015703808] libusb_control_transfer(dev = 0x55af15696360, bmRequestType = 0x40, bRequest = 0xaf, wValue = 0x0000, wIndex =     0, data =          (nil), wLength =    0, timeout = 200)
[libUSB/140580015703808] libusb_control_transfer --> retval = 0
[libUSB/140580015703808] libusb_control_transfer(dev = 0x55af15696360, bmRequestType = 0x40, bRequest = 0xa9, wValue = 0x0000, wIndex =     0, data =          (nil), wLength =    0, timeout = 200)
[libUSB/140580015703808] libusb_control_transfer --> retval = 0
[libUSB/140580015703808] libusb_control_transfer(dev = 0x55af15696360, bmRequestType = 0x40, bRequest = 0xa6, wValue = 0x301a, wIndex =  4316, data =          (nil), wLength =    0, timeout = 500)
[libUSB/140580015703808] libusb_control_transfer --> retval = 0
[libUSB/140580015703808] libusb_clear_halt(dev=0x55af15696360, endpoint=129)
[libUSB/140580015703808] libusb_clear_halt --> retval = 0
[libUSB/140580015703808] libUSB_alloc_transfer(iso_packets=0)
[libUSB/140580015703808] libUSB_alloc_transfer --> retval = 0x7fdb50001150
[libUSB/140580015703808] libusb_control_transfer(dev = 0x55af15696360, bmRequestType = 0xc0, bRequest = 0xa7, wValue = 0x301a, wIndex =     0, data = 0x7fdb55e5fde0, wLength =    2, timeout = 500)
[libUSB/140580015703808] libusb_control_transfer --> retval = 2
[libUSB/140580015703808] libusb_control_transfer(dev = 0x55af15696360, bmRequestType = 0x40, bRequest = 0xa6, wValue = 0x301a, wIndex =  4318, data =          (nil), wLength =    0, timeout = 500)
[libUSB/140580015703808] libusb_control_transfer --> retval = 0
[libUSB/140580015703808] libUSB_submit_transfer(endpoint = 129, transfer = 0x7fdb50001150, transfer.actual_length = 0)
[libUSB/140580015703808] libusb_submit_transfer --> retval = 0, transfer.actual_length = 0
libUSB_handle_events_timeout
[libUSB/140580015703808] libusb_control_transfer(dev = 0x55af15696360, bmRequestType = 0x40, bRequest = 0xa6, wValue = 0x301a, wIndex =  4312, data =          (nil), wLength =    0, timeout = 500)
[libUSB/140580015703808] libusb_control_transfer --> retval = 0
[libUSB/140580015703808] libusb_control_transfer(dev = 0x55af15696360, bmRequestType = 0x40, bRequest = 0xaa, wValue = 0x0000, wIndex =     0, data =          (nil), wLength =    0, timeout = 200)
[libUSB/140580015703808] libusb_control_transfer --> retval = 0
[libUSB/140580015703808] libusb_clear_halt(dev=0x55af15696360, endpoint=129)
[libUSB/140580015703808] libusb_clear_halt --> retval = 0
libUSB_free_transfer
ASIGetDataAfterExp()
Finished taking picture
